Using pre-set license
Built from '2020.3/staging' branch; Version is '2020.3.20f1 (41c4e627c95f) revision 4310246'; Using compiler version '192528614'; Build Type 'Release'
OS: 'Windows 10 Home; OS build 19045.5131; Version 2009; 64bit' Language: 'pl' Physical Memory: 16251 MB
BatchMode: 1, IsHumanControllingUs: 0, StartBugReporterOnCrash: 0, Is64bit: 1, IsPro: 0

COMMAND LINE ARGUMENTS:
C:\Program Files\Unity\Hub\Editor\2020.3.20f1\Editor\Unity.exe
-adb2
-batchMode
-noUpm
-name
AssetImportWorker0
-projectPath
C:/Users/barto/OneDrive/Dokumenty/mobilki_dronki2.0git/mobilki_dronki_2.0/mobilkiDronki2.0Bartek
-logFile
Logs/AssetImportWorker0.log
-srvPort
62571
Successfully changed project path to: C:/Users/barto/OneDrive/Dokumenty/mobilki_dronki2.0git/mobilki_dronki_2.0/mobilkiDronki2.0Bartek
C:/Users/barto/OneDrive/Dokumenty/mobilki_dronki2.0git/mobilki_dronki_2.0/mobilkiDronki2.0Bartek
Using Asset Import Pipeline V2.
Refreshing native plugins compatible for Editor in 28.10 ms, found 2 plugins.
Preloading 0 native plugins for Editor in 0.00 ms.
Initialize engine version: 2020.3.20f1 (41c4e627c95f)
[Subsystems] Discovering subsystems at path C:/Program Files/Unity/Hub/Editor/2020.3.20f1/Editor/Data/Resources/UnitySubsystems
[Subsystems] Discovering subsystems at path C:/Users/barto/OneDrive/Dokumenty/mobilki_dronki2.0git/mobilki_dronki_2.0/mobilkiDronki2.0Bartek/Assets
GfxDevice: creating device client; threaded=0
Direct3D:
    Version:  Direct3D 11.0 [level 11.1]
    Renderer: NVIDIA GeForce GTX 1650 (ID=0x1f99)
    Vendor:   
    VRAM:     3937 MB
    Driver:   32.0.15.5612
Initialize mono
Mono path[0] = 'C:/Program Files/Unity/Hub/Editor/2020.3.20f1/Editor/Data/Managed'
Mono path[1] = 'C:/Program Files/Unity/Hub/Editor/2020.3.20f1/Editor/Data/MonoBleedingEdge/lib/mono/unityjit'
Mono config path = 'C:/Program Files/Unity/Hub/Editor/2020.3.20f1/Editor/Data/MonoBleedingEdge/etc'
Using monoOptions --debugger-agent=transport=dt_socket,embedding=1,server=y,suspend=n,address=127.0.0.1:56164
Begin MonoManager ReloadAssembly
Registering precompiled unity dll's ...
Register platform support module: C:/Program Files/Unity/Hub/Editor/2020.3.20f1/Editor/Data/PlaybackEngines/WindowsStandaloneSupport/UnityEditor.WindowsStandalone.Extensions.dll
Registered in 0.002060 seconds.
Native extension for WindowsStandalone target not found
Refreshing native plugins compatible for Editor in 24.77 ms, found 2 plugins.
Preloading 0 native plugins for Editor in 0.00 ms.
Mono: successfully reloaded assembly
- Completed reload, in  0.967 seconds
Domain Reload Profiling:
	ReloadAssembly (967ms)
		BeginReloadAssembly (62ms)
			ExecutionOrderSort (0ms)
			DisableScriptedObjects (0ms)
			BackupInstance (0ms)
			ReleaseScriptingObjects (0ms)
			CreateAndSetChildDomain (1ms)
		EndReloadAssembly (354ms)
			LoadAssemblies (59ms)
			RebuildTransferFunctionScriptingTraits (0ms)
			SetupTypeCache (142ms)
			ReleaseScriptCaches (0ms)
			RebuildScriptCaches (27ms)
			SetupLoadedEditorAssemblies (129ms)
				LogAssemblyErrors (0ms)
				InitializePlatformSupportModulesInManaged (3ms)
				SetLoadedEditorAssemblies (0ms)
				RefreshPlugins (25ms)
				BeforeProcessingInitializeOnLoad (7ms)
				ProcessInitializeOnLoadAttributes (68ms)
				ProcessInitializeOnLoadMethodAttributes (24ms)
				AfterProcessingInitializeOnLoad (0ms)
				EditorAssembliesLoaded (0ms)
			ExecutionOrderSort2 (0ms)
			AwakeInstancesAfterBackupRestoration (0ms)
Platform modules already initialized, skipping
Registering precompiled user dll's ...
Registered in 0.002979 seconds.
Begin MonoManager ReloadAssembly
Native extension for WindowsStandalone target not found
Refreshing native plugins compatible for Editor in 0.28 ms, found 2 plugins.
Preloading 0 native plugins for Editor in 0.00 ms.
Mono: successfully reloaded assembly
- Completed reload, in  0.921 seconds
Domain Reload Profiling:
	ReloadAssembly (922ms)
		BeginReloadAssembly (129ms)
			ExecutionOrderSort (0ms)
			DisableScriptedObjects (4ms)
			BackupInstance (0ms)
			ReleaseScriptingObjects (0ms)
			CreateAndSetChildDomain (15ms)
		EndReloadAssembly (732ms)
			LoadAssemblies (75ms)
			RebuildTransferFunctionScriptingTraits (0ms)
			SetupTypeCache (261ms)
			ReleaseScriptCaches (0ms)
			RebuildScriptCaches (38ms)
			SetupLoadedEditorAssemblies (273ms)
				LogAssemblyErrors (0ms)
				InitializePlatformSupportModulesInManaged (5ms)
				SetLoadedEditorAssemblies (0ms)
				RefreshPlugins (0ms)
				BeforeProcessingInitializeOnLoad (55ms)
				ProcessInitializeOnLoadAttributes (201ms)
				ProcessInitializeOnLoadMethodAttributes (4ms)
				AfterProcessingInitializeOnLoad (8ms)
				EditorAssembliesLoaded (0ms)
			ExecutionOrderSort2 (0ms)
			AwakeInstancesAfterBackupRestoration (6ms)
Platform modules already initialized, skipping
========================================================================
Worker process is ready to serve import requests
Launched and connected shader compiler UnityShaderCompiler.exe after 0.04 seconds
Refreshing native plugins compatible for Editor in 0.26 ms, found 2 plugins.
Preloading 0 native plugins for Editor in 0.00 ms.
Unloading 1399 Unused Serialized files (Serialized files now loaded: 0)
System memory in use before: 65.4 MB.
System memory in use after: 65.4 MB.

Unloading 16 unused Assets to reduce memory usage. Loaded Objects now: 1834.
Total: 3.097200 ms (FindLiveObjects: 0.237900 ms CreateObjectMapping: 0.095200 ms MarkObjects: 2.686400 ms  DeleteObjects: 0.075600 ms)

AssetImportParameters requested are different than current active one (requested -> active):
  custom:framework-win-MediaFoundation: 216162199b28c13a410421893ffa2e32 -> 
  custom:video-decoder-ogg-theora: a1e56fd34408186e4bbccfd4996cb3dc -> 
  custom:container-muxer-webm: aa71ff27fc2769a1b78a27578f13a17b -> 
  custom:container-demuxer-webm: 4f35f7cbe854078d1ac9338744f61a02 -> 
  custom:container-demuxer-ogg: 62fdf1f143b41e24485cea50d1cbac27 -> 
  custom:video-encoder-webm-vp8: eb34c28f22e8b96e1ab97ce403110664 -> 
  custom:video-codec-MediaFoundation-h265: 746d11721c4dcdbdad8f713fa42b33f4 -> 
  custom:video-decoder-webm-vp8: 9c59270c3fd7afecdb556c50c9e8de78 -> 
  custom:audio-decoder-ogg-vorbis: bf7c407c2cedff20999df2af8eb42d56 -> 
  custom:audio-encoder-webm-vorbis: bf7c407c2cedff20999df2af8eb42d56 -> 
========================================================================
Received Import Request.
  path: Packages/com.unity.ext.nunit/package.json
  artifactKey: Guid(8143d3a8390f2c64685e3bc272bd9e90) Importer(815301076,1909f56bfc062723c751e8b465ee728b)
Start importing Packages/com.unity.ext.nunit/package.json using Guid(8143d3a8390f2c64685e3bc272bd9e90) Importer(815301076,1909f56bfc062723c751e8b465ee728b)  -> (artifact id: '36f449bd9ed4a92e06d659da724da745') in 0.037572 seconds 
  Import took 0.040404 seconds .

========================================================================
Received Import Request.
  Time since last request: 51.510284 seconds.
  path: Packages/com.unity.ide.rider/package.json
  artifactKey: Guid(66c95bb3c74257f41bae2622511dc02d) Importer(815301076,1909f56bfc062723c751e8b465ee728b)
Start importing Packages/com.unity.ide.rider/package.json using Guid(66c95bb3c74257f41bae2622511dc02d) Importer(815301076,1909f56bfc062723c751e8b465ee728b)  -> (artifact id: 'ff96f7b61e94a0dc9b975679be81ead9') in 0.002035 seconds 
  Import took 0.004417 seconds .

========================================================================
Received Import Request.
  Time since last request: 1.114415 seconds.
  path: Packages/com.unity.test-framework/package.json
  artifactKey: Guid(d6a2e6e4803de7b43baacdc355fc144d) Importer(815301076,1909f56bfc062723c751e8b465ee728b)
Start importing Packages/com.unity.test-framework/package.json using Guid(d6a2e6e4803de7b43baacdc355fc144d) Importer(815301076,1909f56bfc062723c751e8b465ee728b)  -> (artifact id: '348d0090788821c173ed5a91192d97b9') in 0.002292 seconds 
  Import took 0.005013 seconds .

========================================================================
Received Import Request.
  Time since last request: 0.917740 seconds.
  path: Packages/com.unity.timeline/package.json
  artifactKey: Guid(13a9c1b4df2e489e8eb9cacca7429596) Importer(815301076,1909f56bfc062723c751e8b465ee728b)
Start importing Packages/com.unity.timeline/package.json using Guid(13a9c1b4df2e489e8eb9cacca7429596) Importer(815301076,1909f56bfc062723c751e8b465ee728b)  -> (artifact id: '82c6c08db8f434b9305b26de0687e812') in 0.002546 seconds 
  Import took 0.005804 seconds .

========================================================================
Received Import Request.
  Time since last request: 1.200165 seconds.
  path: Packages/com.unity.textmeshpro/package.json
  artifactKey: Guid(220e9325710f4235a43492dd1ee4980d) Importer(815301076,1909f56bfc062723c751e8b465ee728b)
Start importing Packages/com.unity.textmeshpro/package.json using Guid(220e9325710f4235a43492dd1ee4980d) Importer(815301076,1909f56bfc062723c751e8b465ee728b)  -> (artifact id: '2c6d4de5db3a39bcb3575c98dc9df750') in 0.007850 seconds 
  Import took 0.012245 seconds .

========================================================================
Received Import Request.
  Time since last request: 6.283791 seconds.
  path: Packages/com.unity.ugui/package.json
  artifactKey: Guid(319b8889f363f5947acf209c17a94149) Importer(815301076,1909f56bfc062723c751e8b465ee728b)
Start importing Packages/com.unity.ugui/package.json using Guid(319b8889f363f5947acf209c17a94149) Importer(815301076,1909f56bfc062723c751e8b465ee728b)  -> (artifact id: '39d1f12f0f4420a8b9dea50868bbb5d0') in 0.002025 seconds 
  Import took 0.009426 seconds .

========================================================================
Received Import Request.
  Time since last request: 4.268777 seconds.
  path: Packages/com.unity.collab-proxy/package.json
  artifactKey: Guid(743fda8c4b219c8429fb5a77ede1c879) Importer(815301076,1909f56bfc062723c751e8b465ee728b)
Start importing Packages/com.unity.collab-proxy/package.json using Guid(743fda8c4b219c8429fb5a77ede1c879) Importer(815301076,1909f56bfc062723c751e8b465ee728b)  -> (artifact id: '956d3c14e1a874b6576bc317584e242f') in 0.002601 seconds 
  Import took 0.009326 seconds .

========================================================================
Received Import Request.
  Time since last request: 3.824382 seconds.
  path: Packages/com.unity.ide.vscode/package.json
  artifactKey: Guid(ffc6271f08270b64ca0aae9c49235d81) Importer(815301076,1909f56bfc062723c751e8b465ee728b)
Start importing Packages/com.unity.ide.vscode/package.json using Guid(ffc6271f08270b64ca0aae9c49235d81) Importer(815301076,1909f56bfc062723c751e8b465ee728b)  -> (artifact id: 'fc2eb58b715695d862cee57d9b6e36af') in 0.002558 seconds 
  Import took 0.010582 seconds .

========================================================================
Received Import Request.
  Time since last request: 5.344425 seconds.
  path: Packages/com.unity.ext.nunit/net35
  artifactKey: Guid(a36d8b72880a8004f96ac54ce4598ff9) Importer(815301076,1909f56bfc062723c751e8b465ee728b)
Start importing Packages/com.unity.ext.nunit/net35 using Guid(a36d8b72880a8004f96ac54ce4598ff9) Importer(815301076,1909f56bfc062723c751e8b465ee728b)  -> (artifact id: 'f5f1b27b24c11cc720585ebd98832c29') in 0.001862 seconds 
  Import took 0.005128 seconds .

========================================================================
Received Import Request.
  Time since last request: 0.745088 seconds.
  path: Packages/com.unity.ext.nunit/net35/unity-custom
  artifactKey: Guid(2347243c7aa3e224f9282dc94e6fc3b2) Importer(815301076,1909f56bfc062723c751e8b465ee728b)
Start importing Packages/com.unity.ext.nunit/net35/unity-custom using Guid(2347243c7aa3e224f9282dc94e6fc3b2) Importer(815301076,1909f56bfc062723c751e8b465ee728b)  -> (artifact id: 'f1ab6269ff3beb0fb0292ac4b7d4dd34') in 0.002286 seconds 
  Import took 0.004829 seconds .

========================================================================
Received Import Request.
  Time since last request: 1.682475 seconds.
  path: Packages/com.unity.ext.nunit/net35/unity-custom/nunit.framework.dll
  artifactKey: Guid(f1605f5534186904fa2c4c42acbfe01e) Importer(815301076,1909f56bfc062723c751e8b465ee728b)
Start importing Packages/com.unity.ext.nunit/net35/unity-custom/nunit.framework.dll using Guid(f1605f5534186904fa2c4c42acbfe01e) Importer(815301076,1909f56bfc062723c751e8b465ee728b)  -> (artifact id: '925e04a50a679d603f0f12d7cff7eddf') in 0.006179 seconds 
  Import took 0.008081 seconds .

========================================================================
Received Import Request.
  Time since last request: 5.715298 seconds.
  path: Packages/com.unity.ide.rider/Rider
  artifactKey: Guid(9129183a42052cd43b9c284d6dbd541e) Importer(815301076,1909f56bfc062723c751e8b465ee728b)
Start importing Packages/com.unity.ide.rider/Rider using Guid(9129183a42052cd43b9c284d6dbd541e) Importer(815301076,1909f56bfc062723c751e8b465ee728b)  -> (artifact id: 'b0ed37780721ec38efc2f48758039c53') in 0.008154 seconds 
  Import took 0.010549 seconds .

========================================================================
Received Import Request.
  Time since last request: 0.637251 seconds.
  path: Packages/com.unity.ide.rider/Rider/Editor
  artifactKey: Guid(1b393f6b29a9ee84c803af1ab4944b71) Importer(815301076,1909f56bfc062723c751e8b465ee728b)
Start importing Packages/com.unity.ide.rider/Rider/Editor using Guid(1b393f6b29a9ee84c803af1ab4944b71) Importer(815301076,1909f56bfc062723c751e8b465ee728b)  -> (artifact id: '5087f28a9cfe42a2c05db11df8e1e020') in 0.002305 seconds 
  Import took 0.010207 seconds .

========================================================================
Received Import Request.
  Time since last request: 0.097231 seconds.
  path: Packages/com.unity.ide.rider/Rider/Editor/com.unity.ide.rider.asmdef
  artifactKey: Guid(d528c8c98d269ca44a06cd9624a03945) Importer(815301076,1909f56bfc062723c751e8b465ee728b)
Start importing Packages/com.unity.ide.rider/Rider/Editor/com.unity.ide.rider.asmdef using Guid(d528c8c98d269ca44a06cd9624a03945) Importer(815301076,1909f56bfc062723c751e8b465ee728b)  -> (artifact id: '66e1e44df00fa750fc3b002d47a42d5f') in 0.006178 seconds 
  Import took 0.008309 seconds .

========================================================================
Received Import Request.
  Time since last request: 4.216878 seconds.
  path: Packages/com.unity.ide.rider/Rider/Editor/Discovery.cs
  artifactKey: Guid(dab656c79e1985c40b31faebcda44442) Importer(815301076,1909f56bfc062723c751e8b465ee728b)
Start importing Packages/com.unity.ide.rider/Rider/Editor/Discovery.cs using Guid(dab656c79e1985c40b31faebcda44442) Importer(815301076,1909f56bfc062723c751e8b465ee728b)  -> (artifact id: 'dc6ff8e4a1527bbf9557be11a343916f') in 0.009299 seconds 
  Import took 0.012280 seconds .

========================================================================
Received Import Request.
  Time since last request: 3.359736 seconds.
  path: Packages/com.unity.ide.rider/Rider/Editor/PostProcessors
  artifactKey: Guid(aa290bd9a165a0543a4bf85ac73914bc) Importer(815301076,1909f56bfc062723c751e8b465ee728b)
Start importing Packages/com.unity.ide.rider/Rider/Editor/PostProcessors using Guid(aa290bd9a165a0543a4bf85ac73914bc) Importer(815301076,1909f56bfc062723c751e8b465ee728b)  -> (artifact id: '2cd8217f6aa58da9e068ca6253dafa23') in 0.001921 seconds 
  Import took 0.003971 seconds .

========================================================================
Received Import Request.
  Time since last request: 1.133202 seconds.
  path: Packages/com.unity.ide.rider/Rider/Editor/PostProcessors/RiderAssetPostprocessor.cs
  artifactKey: Guid(45471ad7b8c1f964da5e3c07d57fbf4f) Importer(815301076,1909f56bfc062723c751e8b465ee728b)
Start importing Packages/com.unity.ide.rider/Rider/Editor/PostProcessors/RiderAssetPostprocessor.cs using Guid(45471ad7b8c1f964da5e3c07d57fbf4f) Importer(815301076,1909f56bfc062723c751e8b465ee728b)  -> (artifact id: '174ac09068ba72860e5435d189cace1f') in 0.002096 seconds 
  Import took 0.004198 seconds .

========================================================================
Received Import Request.
  Time since last request: 8.423958 seconds.
  path: Packages/com.unity.ide.rider/Rider/Editor/UnitTesting
  artifactKey: Guid(a52391bc44c477f40a547ed4ef3b9560) Importer(815301076,1909f56bfc062723c751e8b465ee728b)
Start importing Packages/com.unity.ide.rider/Rider/Editor/UnitTesting using Guid(a52391bc44c477f40a547ed4ef3b9560) Importer(815301076,1909f56bfc062723c751e8b465ee728b)  -> (artifact id: 'bafac650e56d9c89bfa648c15cdde74a') in 0.002200 seconds 
  Import took 0.010352 seconds .

========================================================================
Received Import Request.
  Time since last request: 24.645288 seconds.
  path: Packages/com.unity.textmeshpro
  artifactKey: Guid(cabaa672b0e3ee91fa7b6da4daab7970) Importer(815301076,1909f56bfc062723c751e8b465ee728b)
Start importing Packages/com.unity.textmeshpro using Guid(cabaa672b0e3ee91fa7b6da4daab7970) Importer(815301076,1909f56bfc062723c751e8b465ee728b)  -> (artifact id: '169a733f15e62358392572f7d3dbae7f') in 0.003295 seconds 
  Import took 0.005915 seconds .

========================================================================
Received Import Request.
  Time since last request: 1.971035 seconds.
  path: Packages/com.unity.textmeshpro/Scripts
  artifactKey: Guid(e6a1d1e3d2384453a7371b4a07a41ca4) Importer(815301076,1909f56bfc062723c751e8b465ee728b)
Start importing Packages/com.unity.textmeshpro/Scripts using Guid(e6a1d1e3d2384453a7371b4a07a41ca4) Importer(815301076,1909f56bfc062723c751e8b465ee728b)  -> (artifact id: 'cb7394475e9d8f3158dc077ff4ebd551') in 0.002465 seconds 
  Import took 0.004637 seconds .

========================================================================
Received Import Request.
  Time since last request: 1.492278 seconds.
  path: Packages/com.unity.textmeshpro/Package Resources
  artifactKey: Guid(5ec95f4d5b2d1f14e9ff8682562553f9) Importer(815301076,1909f56bfc062723c751e8b465ee728b)
Start importing Packages/com.unity.textmeshpro/Package Resources using Guid(5ec95f4d5b2d1f14e9ff8682562553f9) Importer(815301076,1909f56bfc062723c751e8b465ee728b)  -> (artifact id: '43804517c5084ecb600a4e305d098a1d') in 0.001961 seconds 
  Import took 0.004226 seconds .

========================================================================
Received Import Request.
  Time since last request: 2.051760 seconds.
  path: Packages/com.unity.textmeshpro/Package Resources/TMP Essential Resources.unitypackage
  artifactKey: Guid(ce4ff17ca867d2b48b5c8a4181611901) Importer(815301076,1909f56bfc062723c751e8b465ee728b)
Start importing Packages/com.unity.textmeshpro/Package Resources/TMP Essential Resources.unitypackage using Guid(ce4ff17ca867d2b48b5c8a4181611901) Importer(815301076,1909f56bfc062723c751e8b465ee728b)  -> (artifact id: '719be10d8bc0617672a7eec0b15b1392') in 0.019588 seconds 
  Import took 0.027712 seconds .

========================================================================
Received Prepare
Registering precompiled user dll's ...
Registered in 0.002806 seconds.
Begin MonoManager ReloadAssembly
Native extension for WindowsStandalone target not found
Refreshing native plugins compatible for Editor in 0.28 ms, found 2 plugins.
Preloading 0 native plugins for Editor in 0.00 ms.
Mono: successfully reloaded assembly
- Completed reload, in  0.794 seconds
Domain Reload Profiling:
	ReloadAssembly (794ms)
		BeginReloadAssembly (97ms)
			ExecutionOrderSort (0ms)
			DisableScriptedObjects (4ms)
			BackupInstance (0ms)
			ReleaseScriptingObjects (0ms)
			CreateAndSetChildDomain (27ms)
		EndReloadAssembly (640ms)
			LoadAssemblies (72ms)
			RebuildTransferFunctionScriptingTraits (0ms)
			SetupTypeCache (232ms)
			ReleaseScriptCaches (1ms)
			RebuildScriptCaches (31ms)
			SetupLoadedEditorAssemblies (225ms)
				LogAssemblyErrors (0ms)
				InitializePlatformSupportModulesInManaged (4ms)
				SetLoadedEditorAssemblies (0ms)
				RefreshPlugins (0ms)
				BeforeProcessingInitializeOnLoad (45ms)
				ProcessInitializeOnLoadAttributes (164ms)
				ProcessInitializeOnLoadMethodAttributes (3ms)
				AfterProcessingInitializeOnLoad (7ms)
				EditorAssembliesLoaded (0ms)
			ExecutionOrderSort2 (0ms)
			AwakeInstancesAfterBackupRestoration (6ms)
Platform modules already initialized, skipping
Refreshing native plugins compatible for Editor in 0.26 ms, found 2 plugins.
Preloading 0 native plugins for Editor in 0.00 ms.
Unloading 1393 Unused Serialized files (Serialized files now loaded: 0)
System memory in use before: 68.8 MB.
System memory in use after: 68.9 MB.

Unloading 11 unused Assets to reduce memory usage. Loaded Objects now: 1838.
Total: 2.178300 ms (FindLiveObjects: 0.143700 ms CreateObjectMapping: 0.042600 ms MarkObjects: 1.979000 ms  DeleteObjects: 0.012200 ms)

AssetImportParameters requested are different than current active one (requested -> active):
  custom:framework-win-MediaFoundation: 216162199b28c13a410421893ffa2e32 -> 
  custom:video-decoder-ogg-theora: a1e56fd34408186e4bbccfd4996cb3dc -> 
  custom:container-muxer-webm: aa71ff27fc2769a1b78a27578f13a17b -> 
  custom:container-demuxer-webm: 4f35f7cbe854078d1ac9338744f61a02 -> 
  custom:container-demuxer-ogg: 62fdf1f143b41e24485cea50d1cbac27 -> 
  custom:video-encoder-webm-vp8: eb34c28f22e8b96e1ab97ce403110664 -> 
  custom:video-codec-MediaFoundation-h265: 746d11721c4dcdbdad8f713fa42b33f4 -> 
  custom:video-decoder-webm-vp8: 9c59270c3fd7afecdb556c50c9e8de78 -> 
  custom:audio-decoder-ogg-vorbis: bf7c407c2cedff20999df2af8eb42d56 -> 
  custom:audio-encoder-webm-vorbis: bf7c407c2cedff20999df2af8eb42d56 -> 
========================================================================
Received Prepare
Registering precompiled user dll's ...
Registered in 0.003723 seconds.
Begin MonoManager ReloadAssembly
Native extension for WindowsStandalone target not found
Refreshing native plugins compatible for Editor in 0.28 ms, found 2 plugins.
Preloading 0 native plugins for Editor in 0.00 ms.
Mono: successfully reloaded assembly
- Completed reload, in  0.791 seconds
Domain Reload Profiling:
	ReloadAssembly (791ms)
		BeginReloadAssembly (102ms)
			ExecutionOrderSort (0ms)
			DisableScriptedObjects (4ms)
			BackupInstance (0ms)
			ReleaseScriptingObjects (0ms)
			CreateAndSetChildDomain (25ms)
		EndReloadAssembly (634ms)
			LoadAssemblies (76ms)
			RebuildTransferFunctionScriptingTraits (0ms)
			SetupTypeCache (225ms)
			ReleaseScriptCaches (1ms)
			RebuildScriptCaches (32ms)
			SetupLoadedEditorAssemblies (224ms)
				LogAssemblyErrors (0ms)
				InitializePlatformSupportModulesInManaged (4ms)
				SetLoadedEditorAssemblies (0ms)
				RefreshPlugins (0ms)
				BeforeProcessingInitializeOnLoad (44ms)
				ProcessInitializeOnLoadAttributes (165ms)
				ProcessInitializeOnLoadMethodAttributes (3ms)
				AfterProcessingInitializeOnLoad (7ms)
				EditorAssembliesLoaded (0ms)
			ExecutionOrderSort2 (0ms)
			AwakeInstancesAfterBackupRestoration (6ms)
Platform modules already initialized, skipping
Refreshing native plugins compatible for Editor in 0.27 ms, found 2 plugins.
Preloading 0 native plugins for Editor in 0.00 ms.
Unloading 1397 Unused Serialized files (Serialized files now loaded: 0)
System memory in use before: 68.9 MB.
System memory in use after: 69.0 MB.

Unloading 11 unused Assets to reduce memory usage. Loaded Objects now: 1844.
Total: 2.130200 ms (FindLiveObjects: 0.126200 ms CreateObjectMapping: 0.041300 ms MarkObjects: 1.949600 ms  DeleteObjects: 0.012300 ms)

AssetImportParameters requested are different than current active one (requested -> active):
  custom:framework-win-MediaFoundation: 216162199b28c13a410421893ffa2e32 -> 
  custom:video-decoder-ogg-theora: a1e56fd34408186e4bbccfd4996cb3dc -> 
  custom:container-muxer-webm: aa71ff27fc2769a1b78a27578f13a17b -> 
  custom:container-demuxer-webm: 4f35f7cbe854078d1ac9338744f61a02 -> 
  custom:container-demuxer-ogg: 62fdf1f143b41e24485cea50d1cbac27 -> 
  custom:video-encoder-webm-vp8: eb34c28f22e8b96e1ab97ce403110664 -> 
  custom:video-codec-MediaFoundation-h265: 746d11721c4dcdbdad8f713fa42b33f4 -> 
  custom:video-decoder-webm-vp8: 9c59270c3fd7afecdb556c50c9e8de78 -> 
  custom:audio-decoder-ogg-vorbis: bf7c407c2cedff20999df2af8eb42d56 -> 
  custom:audio-encoder-webm-vorbis: bf7c407c2cedff20999df2af8eb42d56 -> 
========================================================================
Received Prepare
Registering precompiled user dll's ...
Registered in 0.002802 seconds.
Begin MonoManager ReloadAssembly
Native extension for WindowsStandalone target not found
Refreshing native plugins compatible for Editor in 0.28 ms, found 2 plugins.
Preloading 0 native plugins for Editor in 0.00 ms.
Mono: successfully reloaded assembly
- Completed reload, in  0.813 seconds
Domain Reload Profiling:
	ReloadAssembly (814ms)
		BeginReloadAssembly (92ms)
			ExecutionOrderSort (0ms)
			DisableScriptedObjects (4ms)
			BackupInstance (0ms)
			ReleaseScriptingObjects (0ms)
			CreateAndSetChildDomain (26ms)
		EndReloadAssembly (661ms)
			LoadAssemblies (75ms)
			RebuildTransferFunctionScriptingTraits (0ms)
			SetupTypeCache (227ms)
			ReleaseScriptCaches (1ms)
			RebuildScriptCaches (31ms)
			SetupLoadedEditorAssemblies (246ms)
				LogAssemblyErrors (0ms)
				InitializePlatformSupportModulesInManaged (4ms)
				SetLoadedEditorAssemblies (0ms)
				RefreshPlugins (0ms)
				BeforeProcessingInitializeOnLoad (45ms)
				ProcessInitializeOnLoadAttributes (184ms)
				ProcessInitializeOnLoadMethodAttributes (4ms)
				AfterProcessingInitializeOnLoad (8ms)
				EditorAssembliesLoaded (0ms)
			ExecutionOrderSort2 (0ms)
			AwakeInstancesAfterBackupRestoration (6ms)
Platform modules already initialized, skipping
Refreshing native plugins compatible for Editor in 0.33 ms, found 2 plugins.
Preloading 0 native plugins for Editor in 0.00 ms.
Unloading 1397 Unused Serialized files (Serialized files now loaded: 0)
System memory in use before: 69.0 MB.
System memory in use after: 69.1 MB.

Unloading 11 unused Assets to reduce memory usage. Loaded Objects now: 1846.
Total: 2.693000 ms (FindLiveObjects: 0.180800 ms CreateObjectMapping: 0.060800 ms MarkObjects: 2.433000 ms  DeleteObjects: 0.017000 ms)

AssetImportParameters requested are different than current active one (requested -> active):
  custom:framework-win-MediaFoundation: 216162199b28c13a410421893ffa2e32 -> 
  custom:video-decoder-ogg-theora: a1e56fd34408186e4bbccfd4996cb3dc -> 
  custom:container-muxer-webm: aa71ff27fc2769a1b78a27578f13a17b -> 
  custom:container-demuxer-webm: 4f35f7cbe854078d1ac9338744f61a02 -> 
  custom:container-demuxer-ogg: 62fdf1f143b41e24485cea50d1cbac27 -> 
  custom:video-encoder-webm-vp8: eb34c28f22e8b96e1ab97ce403110664 -> 
  custom:video-codec-MediaFoundation-h265: 746d11721c4dcdbdad8f713fa42b33f4 -> 
  custom:video-decoder-webm-vp8: 9c59270c3fd7afecdb556c50c9e8de78 -> 
  custom:audio-decoder-ogg-vorbis: bf7c407c2cedff20999df2af8eb42d56 -> 
  custom:audio-encoder-webm-vorbis: bf7c407c2cedff20999df2af8eb42d56 -> 
========================================================================
Received Import Request.
  Time since last request: 45.526946 seconds.
  path: Assets/FurnishedCabin/Scenes
  artifactKey: Guid(0c013669c52fa456badaf9cf051bd977) Importer(815301076,1909f56bfc062723c751e8b465ee728b)
Start importing Assets/FurnishedCabin/Scenes using Guid(0c013669c52fa456badaf9cf051bd977) Importer(815301076,1909f56bfc062723c751e8b465ee728b)  -> (artifact id: '9012b8083afa40ffb284c690001fb9da') in 0.005205 seconds 
  Import took 0.008100 seconds .

========================================================================
Received Import Request.
  Time since last request: 1.516009 seconds.
  path: Assets/FurnishedCabin/Scenes/Demo
  artifactKey: Guid(dc2f8ea8ab7f84af3a7d502179fdd7df) Importer(815301076,1909f56bfc062723c751e8b465ee728b)
Start importing Assets/FurnishedCabin/Scenes/Demo using Guid(dc2f8ea8ab7f84af3a7d502179fdd7df) Importer(815301076,1909f56bfc062723c751e8b465ee728b)  -> (artifact id: '34aa045612b7f1675672f7fea53b39c4') in 0.001795 seconds 
  Import took 0.003833 seconds .

========================================================================
Received Import Request.
  Time since last request: 0.089893 seconds.
  path: Assets/FurnishedCabin/Scenes/Demo/LightingData.asset
  artifactKey: Guid(b5171b226b5a5bf4798fee9218d0bceb) Importer(815301076,1909f56bfc062723c751e8b465ee728b)
Start importing Assets/FurnishedCabin/Scenes/Demo/LightingData.asset using Guid(b5171b226b5a5bf4798fee9218d0bceb) Importer(815301076,1909f56bfc062723c751e8b465ee728b)  -> (artifact id: 'a160a1bbe1e26e81d6df4b3049c2b604') in 0.012683 seconds 
  Import took 0.019144 seconds .

========================================================================
Received Import Request.
  Time since last request: 0.000180 seconds.
  path: Assets/FurnishedCabin/Scenes/Demo/Lightmap-0_comp_dir.exr
  artifactKey: Guid(bf71e2cf9ae11894d8a00a31cc1f7641) Importer(815301076,1909f56bfc062723c751e8b465ee728b)
Start importing Assets/FurnishedCabin/Scenes/Demo/Lightmap-0_comp_dir.exr using Guid(bf71e2cf9ae11894d8a00a31cc1f7641) Importer(815301076,1909f56bfc062723c751e8b465ee728b)  -> (artifact id: 'b13e0bb7fd614d153e1d04f3263d0422') in 0.030433 seconds 
  Import took 0.032281 seconds .

========================================================================
Received Import Request.
  Time since last request: 0.000137 seconds.
  path: Assets/FurnishedCabin/Scenes/Demo/Lightmap-2_comp_dir.exr
  artifactKey: Guid(e670b3e489ff2b847b29493ae5da93c8) Importer(815301076,1909f56bfc062723c751e8b465ee728b)
Start importing Assets/FurnishedCabin/Scenes/Demo/Lightmap-2_comp_dir.exr using Guid(e670b3e489ff2b847b29493ae5da93c8) Importer(815301076,1909f56bfc062723c751e8b465ee728b)  -> (artifact id: '5a8e71c1e1b271a0809674e8c7c5b3b2') in 0.009373 seconds 
  Import took 0.011267 seconds .

========================================================================
Received Import Request.
  Time since last request: 0.000154 seconds.
  path: Assets/FurnishedCabin/Scenes/Demo/Lightmap-0_comp_light.exr
  artifactKey: Guid(d8e6db6a074c8ad4e9aab4d98bed6206) Importer(815301076,1909f56bfc062723c751e8b465ee728b)
Start importing Assets/FurnishedCabin/Scenes/Demo/Lightmap-0_comp_light.exr using Guid(d8e6db6a074c8ad4e9aab4d98bed6206) Importer(815301076,1909f56bfc062723c751e8b465ee728b)  -> (artifact id: '6757a6f2ff42f7bfb08bd085ac2246e2') in 0.015933 seconds 
  Import took 0.018021 seconds .

========================================================================
Received Import Request.
  Time since last request: 0.000170 seconds.
  path: Assets/FurnishedCabin/Scenes/Demo/ReflectionProbe-2.exr
  artifactKey: Guid(4be64f9faf61dbf47a8c09b5c670b73c) Importer(815301076,1909f56bfc062723c751e8b465ee728b)
Start importing Assets/FurnishedCabin/Scenes/Demo/ReflectionProbe-2.exr using Guid(4be64f9faf61dbf47a8c09b5c670b73c) Importer(815301076,1909f56bfc062723c751e8b465ee728b)  -> (artifact id: '1b86cdd5a15a94692c7b273b36cf5e8a') in 0.034318 seconds 
  Import took 0.036474 seconds .

========================================================================
Received Import Request.
  Time since last request: 0.000181 seconds.
  path: Assets/FurnishedCabin/Scenes/Demo/ReflectionProbe-1.png
  artifactKey: Guid(17a01549b451c684eba2aa2aede78b35) Importer(815301076,1909f56bfc062723c751e8b465ee728b)
Start importing Assets/FurnishedCabin/Scenes/Demo/ReflectionProbe-1.png using Guid(17a01549b451c684eba2aa2aede78b35) Importer(815301076,1909f56bfc062723c751e8b465ee728b)  -> (artifact id: 'c73c94da5fb230039961894ee5e00758') in 2270.387836 seconds 
  Import took 2270.390450 seconds .

========================================================================
Received Prepare
Registering precompiled user dll's ...
Registered in 0.003081 seconds.
Begin MonoManager ReloadAssembly
Native extension for WindowsStandalone target not found
Refreshing native plugins compatible for Editor in 0.28 ms, found 2 plugins.
Preloading 0 native plugins for Editor in 0.00 ms.
Mono: successfully reloaded assembly
- Completed reload, in  0.850 seconds
Domain Reload Profiling:
	ReloadAssembly (851ms)
		BeginReloadAssembly (105ms)
			ExecutionOrderSort (0ms)
			DisableScriptedObjects (4ms)
			BackupInstance (0ms)
			ReleaseScriptingObjects (0ms)
			CreateAndSetChildDomain (28ms)
		EndReloadAssembly (687ms)
			LoadAssemblies (82ms)
			RebuildTransferFunctionScriptingTraits (0ms)
			SetupTypeCache (239ms)
			ReleaseScriptCaches (1ms)
			RebuildScriptCaches (30ms)
			SetupLoadedEditorAssemblies (254ms)
				LogAssemblyErrors (0ms)
				InitializePlatformSupportModulesInManaged (4ms)
				SetLoadedEditorAssemblies (0ms)
				RefreshPlugins (0ms)
				BeforeProcessingInitializeOnLoad (43ms)
				ProcessInitializeOnLoadAttributes (194ms)
				ProcessInitializeOnLoadMethodAttributes (4ms)
				AfterProcessingInitializeOnLoad (8ms)
				EditorAssembliesLoaded (0ms)
			ExecutionOrderSort2 (0ms)
			AwakeInstancesAfterBackupRestoration (7ms)
Platform modules already initialized, skipping
Refreshing native plugins compatible for Editor in 0.47 ms, found 2 plugins.
Preloading 0 native plugins for Editor in 0.00 ms.
Unloading 1397 Unused Serialized files (Serialized files now loaded: 0)
System memory in use before: 69.3 MB.
System memory in use after: 69.4 MB.

Unloading 11 unused Assets to reduce memory usage. Loaded Objects now: 1882.
Total: 2.681600 ms (FindLiveObjects: 0.228000 ms CreateObjectMapping: 0.079800 ms MarkObjects: 2.354600 ms  DeleteObjects: 0.017900 ms)

AssetImportParameters requested are different than current active one (requested -> active):
  custom:framework-win-MediaFoundation: 216162199b28c13a410421893ffa2e32 -> 
  custom:video-decoder-ogg-theora: a1e56fd34408186e4bbccfd4996cb3dc -> 
  custom:container-muxer-webm: aa71ff27fc2769a1b78a27578f13a17b -> 
  custom:container-demuxer-webm: 4f35f7cbe854078d1ac9338744f61a02 -> 
  custom:container-demuxer-ogg: 62fdf1f143b41e24485cea50d1cbac27 -> 
  custom:video-encoder-webm-vp8: eb34c28f22e8b96e1ab97ce403110664 -> 
  custom:video-codec-MediaFoundation-h265: 746d11721c4dcdbdad8f713fa42b33f4 -> 
  custom:video-decoder-webm-vp8: 9c59270c3fd7afecdb556c50c9e8de78 -> 
  custom:audio-decoder-ogg-vorbis: bf7c407c2cedff20999df2af8eb42d56 -> 
  custom:audio-encoder-webm-vorbis: bf7c407c2cedff20999df2af8eb42d56 -> 
========================================================================
Received Import Request.
  Time since last request: 1.394601 seconds.
  path: Assets/FurnishedCabin/Meshes/LightCover.fbx
  artifactKey: Guid(2c3e54670f1114c709157026c232cfeb) Importer(815301076,1909f56bfc062723c751e8b465ee728b)
Start importing Assets/FurnishedCabin/Meshes/LightCover.fbx using Guid(2c3e54670f1114c709157026c232cfeb) Importer(815301076,1909f56bfc062723c751e8b465ee728b)  -> (artifact id: 'b935221b96ee2e79ba304433bd29f62a') in 329.082725 seconds 
  Import took 329.085348 seconds .

========================================================================
Received Import Request.
  Time since last request: 0.000199 seconds.
  path: Assets/FurnishedCabin/Meshes/Materials/BuildingA_MAT.mat
  artifactKey: Guid(022d678aa22a77a408d84ccaf0192e34) Importer(815301076,1909f56bfc062723c751e8b465ee728b)
Start importing Assets/FurnishedCabin/Meshes/Materials/BuildingA_MAT.mat using Guid(022d678aa22a77a408d84ccaf0192e34) Importer(815301076,1909f56bfc062723c751e8b465ee728b)  -> (artifact id: 'a163a3c1e3ee1fb236089dd6623a82b2') in 0.045837 seconds 
  Import took 0.048275 seconds .

========================================================================
Received Import Request.
  Time since last request: 0.000596 seconds.
  path: Assets/FurnishedCabin/Meshes/Toilet.fbx
  artifactKey: Guid(361d39cd9e9d9495aac07c02c06df127) Importer(815301076,1909f56bfc062723c751e8b465ee728b)
Start importing Assets/FurnishedCabin/Meshes/Toilet.fbx using Guid(361d39cd9e9d9495aac07c02c06df127) Importer(815301076,1909f56bfc062723c751e8b465ee728b)  -> (artifact id: '45b81ba2fc85221ee562ca524eb1c241') in 0.036929 seconds 
  Import took 0.039138 seconds .

========================================================================
Received Import Request.
  Time since last request: 0.000186 seconds.
  path: Assets/FurnishedCabin/Documentation
  artifactKey: Guid(b5cb093c95f26114ea81c4814aced91a) Importer(815301076,1909f56bfc062723c751e8b465ee728b)
Start importing Assets/FurnishedCabin/Documentation using Guid(b5cb093c95f26114ea81c4814aced91a) Importer(815301076,1909f56bfc062723c751e8b465ee728b)  -> (artifact id: 'd77848c0bccfe4e83286c75fe41d01a6') in 0.001717 seconds 
  Import took 0.003544 seconds .

========================================================================
Received Import Request.
  Time since last request: 0.000141 seconds.
  path: Assets/FurnishedCabin/Meshes/Collision/Lamp_COL.fbx
  artifactKey: Guid(03aa0a6c084b64eaa8b7de7b3e09d4ef) Importer(815301076,1909f56bfc062723c751e8b465ee728b)
Start importing Assets/FurnishedCabin/Meshes/Collision/Lamp_COL.fbx using Guid(03aa0a6c084b64eaa8b7de7b3e09d4ef) Importer(815301076,1909f56bfc062723c751e8b465ee728b)  -> (artifact id: '94d1edf5aedd842ef4ff763787db43df') in 0.016678 seconds 
  Import took 0.018552 seconds .

========================================================================
Received Import Request.
  Time since last request: 0.000144 seconds.
  path: Assets/FurnishedCabin/Meshes/Collision/DiningTable_COL.fbx
  artifactKey: Guid(d0c5e2ba5fba04868b0cd879c3c5dc9a) Importer(815301076,1909f56bfc062723c751e8b465ee728b)
Start importing Assets/FurnishedCabin/Meshes/Collision/DiningTable_COL.fbx using Guid(d0c5e2ba5fba04868b0cd879c3c5dc9a) Importer(815301076,1909f56bfc062723c751e8b465ee728b)  -> (artifact id: '491fd1c44408a7a287d6b2428545db71') in 0.015292 seconds 
  Import took 0.017405 seconds .

========================================================================
Received Import Request.
  Time since last request: 0.000192 seconds.
  path: Assets/FurnishedCabin/Meshes/Collision/Bed_COL.fbx
  artifactKey: Guid(7215b57939ceb4461b4bf22e3245f486) Importer(815301076,1909f56bfc062723c751e8b465ee728b)
Start importing Assets/FurnishedCabin/Meshes/Collision/Bed_COL.fbx using Guid(7215b57939ceb4461b4bf22e3245f486) Importer(815301076,1909f56bfc062723c751e8b465ee728b)  -> (artifact id: '67464b084b6341c14594ccba925291e1') in 0.025560 seconds 
  Import took 0.027723 seconds .

========================================================================
Received Import Request.
  Time since last request: 0.000159 seconds.
  path: Packages/com.unity.ugui/Editor
  artifactKey: Guid(bee384ad5b4d1a843a018082e7db53cd) Importer(815301076,1909f56bfc062723c751e8b465ee728b)
Start importing Packages/com.unity.ugui/Editor using Guid(bee384ad5b4d1a843a018082e7db53cd) Importer(815301076,1909f56bfc062723c751e8b465ee728b)  -> (artifact id: '3a6882089124fa3e3e4daf11573b2a9a') in 0.001786 seconds 
  Import took 0.003733 seconds .

========================================================================
Received Import Request.
  Time since last request: 0.000142 seconds.
  path: Assets/FurnishedCabin/Meshes/Stove.fbx
  artifactKey: Guid(22ec64bba89e94704b5b0eeee5767c9c) Importer(815301076,1909f56bfc062723c751e8b465ee728b)
Start importing Assets/FurnishedCabin/Meshes/Stove.fbx using Guid(22ec64bba89e94704b5b0eeee5767c9c) Importer(815301076,1909f56bfc062723c751e8b465ee728b)  -> (artifact id: '8b9a54d25a674fbd286a6a46d86f504b') in 0.028123 seconds 
  Import took 0.030331 seconds .

========================================================================
Received Import Request.
  Time since last request: 0.000169 seconds.
  path: Assets/FurnishedCabin/Meshes/Collision/CurtainSmall_COL.fbx
  artifactKey: Guid(b906ed5111f9c47ba80d9346cac7401f) Importer(815301076,1909f56bfc062723c751e8b465ee728b)
Start importing Assets/FurnishedCabin/Meshes/Collision/CurtainSmall_COL.fbx using Guid(b906ed5111f9c47ba80d9346cac7401f) Importer(815301076,1909f56bfc062723c751e8b465ee728b)  -> (artifact id: '26523b54b681c083384023f4dd99489a') in 0.017040 seconds 
  Import took 0.019022 seconds .

========================================================================
Received Import Request.
  Time since last request: 0.000249 seconds.
  path: Assets/FurnishedCabin/Meshes/OvenExhaustFan.fbx
  artifactKey: Guid(85bb7b7b18a084921b183acf5a2e3e64) Importer(815301076,1909f56bfc062723c751e8b465ee728b)
Start importing Assets/FurnishedCabin/Meshes/OvenExhaustFan.fbx using Guid(85bb7b7b18a084921b183acf5a2e3e64) Importer(815301076,1909f56bfc062723c751e8b465ee728b)  -> (artifact id: '9860e974cc28335aaa560b7064647e6a') in 0.033503 seconds 
  Import took 0.035870 seconds .

========================================================================
Received Import Request.
  Time since last request: 0.000176 seconds.
  path: Assets/FurnishedCabin/Meshes/Collision/Towel_COL.fbx
  artifactKey: Guid(444fd71340cd341ed805718909ec10a3) Importer(815301076,1909f56bfc062723c751e8b465ee728b)
Start importing Assets/FurnishedCabin/Meshes/Collision/Towel_COL.fbx using Guid(444fd71340cd341ed805718909ec10a3) Importer(815301076,1909f56bfc062723c751e8b465ee728b)  -> (artifact id: '0cbf3a305dbdc51eb53060fffda289f7') in 0.008922 seconds 
  Import took 0.010768 seconds .

========================================================================
Received Import Request.
  Time since last request: 0.000211 seconds.
  path: Assets/FurnishedCabin/Meshes/KitchenBench.fbx
  artifactKey: Guid(14cf328cd0a9046e5a177954438c6a56) Importer(815301076,1909f56bfc062723c751e8b465ee728b)
Start importing Assets/FurnishedCabin/Meshes/KitchenBench.fbx using Guid(14cf328cd0a9046e5a177954438c6a56) Importer(815301076,1909f56bfc062723c751e8b465ee728b)  -> (artifact id: 'fe318b2b380c380b3adb9435f55d1157') in 0.048062 seconds 
  Import took 0.050415 seconds .

========================================================================
Received Import Request.
  Time since last request: 0.000146 seconds.
  path: Assets/FurnishedCabin/Meshes/Materials/TV_Lamp_Table_MAT.mat
  artifactKey: Guid(f53c87021cd4a8a4ca5a36be86fc762e) Importer(815301076,1909f56bfc062723c751e8b465ee728b)
Start importing Assets/FurnishedCabin/Meshes/Materials/TV_Lamp_Table_MAT.mat using Guid(f53c87021cd4a8a4ca5a36be86fc762e) Importer(815301076,1909f56bfc062723c751e8b465ee728b)  -> (artifact id: '9b33060f51f1b0e73e74346bda9fe615') in 0.011669 seconds 
  Import took 0.013539 seconds .

========================================================================
Received Import Request.
  Time since last request: 0.000136 seconds.
  path: Assets/FurnishedCabin/Meshes/Collision/Stove_COL.fbx
  artifactKey: Guid(4f415ecbe66194046bbee713e3cf231c) Importer(815301076,1909f56bfc062723c751e8b465ee728b)
Start importing Assets/FurnishedCabin/Meshes/Collision/Stove_COL.fbx using Guid(4f415ecbe66194046bbee713e3cf231c) Importer(815301076,1909f56bfc062723c751e8b465ee728b)  -> (artifact id: '32b8b0722eae7acc7e787e6f554aa9c7') in 0.008887 seconds 
  Import took 0.010821 seconds .

========================================================================
Received Import Request.
  Time since last request: 0.000142 seconds.
  path: Assets/FurnishedCabin/Meshes/Collision/SofaSmall_COL.fbx
  artifactKey: Guid(e760d65fe79664bb3b74548e3f010844) Importer(815301076,1909f56bfc062723c751e8b465ee728b)
Start importing Assets/FurnishedCabin/Meshes/Collision/SofaSmall_COL.fbx using Guid(e760d65fe79664bb3b74548e3f010844) Importer(815301076,1909f56bfc062723c751e8b465ee728b)  -> (artifact id: '86f49ea6f47160ba7112121fbf693fc2') in 0.010207 seconds 
  Import took 0.012204 seconds .

========================================================================
Received Import Request.
  Time since last request: 0.000147 seconds.
  path: Assets/FurnishedCabin/Scenes/Demo/Lightmap-1_comp_dir.exr
  artifactKey: Guid(c1bffb1b5fe5ae84e802946be39ffdb7) Importer(815301076,1909f56bfc062723c751e8b465ee728b)
Start importing Assets/FurnishedCabin/Scenes/Demo/Lightmap-1_comp_dir.exr using Guid(c1bffb1b5fe5ae84e802946be39ffdb7) Importer(815301076,1909f56bfc062723c751e8b465ee728b)  -> (artifact id: '94d114a167b265be90d693aecc56fde1') in 0.009954 seconds 
  Import took 0.011919 seconds .

========================================================================
Received Import Request.
  Time since last request: 0.000190 seconds.
  path: Assets/FurnishedCabin/Scenes/Demo/Lightmap-1_comp_light.exr
  artifactKey: Guid(bf328808ea5c41f40b2e36c28737c093) Importer(815301076,1909f56bfc062723c751e8b465ee728b)
Start importing Assets/FurnishedCabin/Scenes/Demo/Lightmap-1_comp_light.exr using Guid(bf328808ea5c41f40b2e36c28737c093) Importer(815301076,1909f56bfc062723c751e8b465ee728b)  -> (artifact id: '192b0cffdd48abaf56eae30d1c6cae56') in 0.006558 seconds 
  Import took 0.008527 seconds .

========================================================================
Received Import Request.
  Time since last request: 0.000139 seconds.
  path: Assets/FurnishedCabin/Meshes/TVStand.fbx
  artifactKey: Guid(49a6824fe442d4dbbbf83484cbb57db1) Importer(815301076,1909f56bfc062723c751e8b465ee728b)
Start importing Assets/FurnishedCabin/Meshes/TVStand.fbx using Guid(49a6824fe442d4dbbbf83484cbb57db1) Importer(815301076,1909f56bfc062723c751e8b465ee728b)  -> (artifact id: '5c81856921496bf4159ec30e522f4da6') in 0.194563 seconds 
  Import took 0.196565 seconds .

========================================================================
Received Import Request.
  Time since last request: 0.000210 seconds.
  path: Assets/FurnishedCabin/Meshes/Materials/Bed_Sink_MAT.mat
  artifactKey: Guid(a410a9048765ffe46afbbaee6e46e728) Importer(815301076,1909f56bfc062723c751e8b465ee728b)
Start importing Assets/FurnishedCabin/Meshes/Materials/Bed_Sink_MAT.mat using Guid(a410a9048765ffe46afbbaee6e46e728) Importer(815301076,1909f56bfc062723c751e8b465ee728b)  -> (artifact id: '7fa85531df208ea6af9c49e65a2bdde7') in 0.012823 seconds 
  Import took 0.014891 seconds .

========================================================================
Received Import Request.
  Time since last request: 0.000156 seconds.
  path: Assets/FurnishedCabin/Meshes/Materials/Chairs_MAT.mat
  artifactKey: Guid(d6a229c0f47dadf42b20d706185b565a) Importer(815301076,1909f56bfc062723c751e8b465ee728b)
Start importing Assets/FurnishedCabin/Meshes/Materials/Chairs_MAT.mat using Guid(d6a229c0f47dadf42b20d706185b565a) Importer(815301076,1909f56bfc062723c751e8b465ee728b)  -> (artifact id: '5a4a2b30d47413872b1c331e61d3de1a') in 0.013888 seconds 
  Import took 0.015922 seconds .

========================================================================
Received Import Request.
  Time since last request: 0.000163 seconds.
  path: Assets/FurnishedCabin/Meshes/Collision/TV_COL.fbx
  artifactKey: Guid(c308aef7bdd1f4c37944a3ec094a2a48) Importer(815301076,1909f56bfc062723c751e8b465ee728b)
Start importing Assets/FurnishedCabin/Meshes/Collision/TV_COL.fbx using Guid(c308aef7bdd1f4c37944a3ec094a2a48) Importer(815301076,1909f56bfc062723c751e8b465ee728b)  -> (artifact id: '7fb9af5ea4be97edd53582938ee0ee40') in 0.010829 seconds 
  Import took 0.012861 seconds .

========================================================================
Received Import Request.
  Time since last request: 0.000338 seconds.
  path: Assets/FurnishedCabin/Meshes/Materials/BedroomFurniture_MAT.mat
  artifactKey: Guid(bbff17a888fc93a408a34e3b95c5e885) Importer(815301076,1909f56bfc062723c751e8b465ee728b)
Start importing Assets/FurnishedCabin/Meshes/Materials/BedroomFurniture_MAT.mat using Guid(bbff17a888fc93a408a34e3b95c5e885) Importer(815301076,1909f56bfc062723c751e8b465ee728b)  -> (artifact id: '5726a33da6fa0d48d1d88299eb8c1ebb') in 0.012895 seconds 
  Import took 0.014937 seconds .

========================================================================
Received Import Request.
  Time since last request: 0.000152 seconds.
  path: Assets/FurnishedCabin/Meshes/Sofa.fbx
  artifactKey: Guid(0cf5e90e2357e254fb0b8e86b93898a7) Importer(815301076,1909f56bfc062723c751e8b465ee728b)
Start importing Assets/FurnishedCabin/Meshes/Sofa.fbx using Guid(0cf5e90e2357e254fb0b8e86b93898a7) Importer(815301076,1909f56bfc062723c751e8b465ee728b)  -> (artifact id: 'e5f582f6beb47bee2652823436027d1b') in 0.017647 seconds 
  Import took 0.019661 seconds .

========================================================================
Received Import Request.
  Time since last request: 0.000223 seconds.
  path: Assets/FurnishedCabin/Meshes/Materials/Lights_towel_MAT.mat
  artifactKey: Guid(cf3d52b3b76bf4c4ebf9164c88c1b585) Importer(815301076,1909f56bfc062723c751e8b465ee728b)
Start importing Assets/FurnishedCabin/Meshes/Materials/Lights_towel_MAT.mat using Guid(cf3d52b3b76bf4c4ebf9164c88c1b585) Importer(815301076,1909f56bfc062723c751e8b465ee728b)  -> (artifact id: '6e9dccc5565bab932668f541afa46e61') in 0.012691 seconds 
  Import took 0.014784 seconds .

========================================================================
Received Import Request.
  Time since last request: 0.000216 seconds.
  path: Assets/FurnishedCabin/Meshes/Materials/Bathroom_Oven_MAT.mat
  artifactKey: Guid(20e170f662817d44383bf29029741cd4) Importer(815301076,1909f56bfc062723c751e8b465ee728b)
Start importing Assets/FurnishedCabin/Meshes/Materials/Bathroom_Oven_MAT.mat using Guid(20e170f662817d44383bf29029741cd4) Importer(815301076,1909f56bfc062723c751e8b465ee728b)  -> (artifact id: '23068f425c4c2071ab6153ad23567e32') in 0.013890 seconds 
  Import took 0.016147 seconds .

========================================================================
Received Import Request.
  Time since last request: 0.000242 seconds.
  path: Packages/com.unity.ugui/Editor/UnityEditor.UI.asmdef
  artifactKey: Guid(343deaaf83e0cee4ca978e7df0b80d21) Importer(815301076,1909f56bfc062723c751e8b465ee728b)
Start importing Packages/com.unity.ugui/Editor/UnityEditor.UI.asmdef using Guid(343deaaf83e0cee4ca978e7df0b80d21) Importer(815301076,1909f56bfc062723c751e8b465ee728b)  -> (artifact id: 'b6729f57df2b31e1ee16d37afa663e95') in 0.001685 seconds 
  Import took 0.003419 seconds .

========================================================================
Received Import Request.
  Time since last request: 0.000199 seconds.
  path: Assets/FurnishedCabin/Meshes/Sphere.fbx
  artifactKey: Guid(8c8ba908765f8584e9f2948b64581a1a) Importer(815301076,1909f56bfc062723c751e8b465ee728b)
Start importing Assets/FurnishedCabin/Meshes/Sphere.fbx using Guid(8c8ba908765f8584e9f2948b64581a1a) Importer(815301076,1909f56bfc062723c751e8b465ee728b)  -> (artifact id: '40b262b8edbe34625140f097f435fac3') in 0.055408 seconds 
  Import took 0.057395 seconds .

========================================================================
Received Import Request.
  Time since last request: 0.000153 seconds.
  path: Assets/FurnishedCabin/Meshes/Lightswitch.fbx
  artifactKey: Guid(05c7d60c5a0554567951323c7c871432) Importer(815301076,1909f56bfc062723c751e8b465ee728b)
Start importing Assets/FurnishedCabin/Meshes/Lightswitch.fbx using Guid(05c7d60c5a0554567951323c7c871432) Importer(815301076,1909f56bfc062723c751e8b465ee728b)  -> (artifact id: '2cb48b04c345605b9836457852c9704d') in 0.016366 seconds 
  Import took 0.018520 seconds .

========================================================================
Received Import Request.
  Time since last request: 0.000150 seconds.
  path: Assets/FurnishedCabin/Animations/BathroomSink
  artifactKey: Guid(a228f1e334fac4b509b3bed6e72d2929) Importer(815301076,1909f56bfc062723c751e8b465ee728b)
Start importing Assets/FurnishedCabin/Animations/BathroomSink using Guid(a228f1e334fac4b509b3bed6e72d2929) Importer(815301076,1909f56bfc062723c751e8b465ee728b)  -> (artifact id: '5c26071eb96922054d30777875435518') in 0.001893 seconds 
  Import took 0.003704 seconds .

========================================================================
Received Import Request.
  Time since last request: 0.000145 seconds.
  path: Assets/FurnishedCabin/Meshes/Shower.fbx
  artifactKey: Guid(6c68c65c918b64edfaa371c21abdf405) Importer(815301076,1909f56bfc062723c751e8b465ee728b)
Start importing Assets/FurnishedCabin/Meshes/Shower.fbx using Guid(6c68c65c918b64edfaa371c21abdf405) Importer(815301076,1909f56bfc062723c751e8b465ee728b)  -> (artifact id: '33c41240812dafbc60e785d1f08e42a9') in 0.033603 seconds 
  Import took 0.036627 seconds .

========================================================================
Received Import Request.
  Time since last request: 0.000150 seconds.
  path: Assets/FurnishedCabin/Animations/BathroomSink/BathroomSink_Close.anim
  artifactKey: Guid(029fd835e40b34202966bef5c1eea9f6) Importer(815301076,1909f56bfc062723c751e8b465ee728b)
Start importing Assets/FurnishedCabin/Animations/BathroomSink/BathroomSink_Close.anim using Guid(029fd835e40b34202966bef5c1eea9f6) Importer(815301076,1909f56bfc062723c751e8b465ee728b)  -> (artifact id: '25488784afa3cf4b136b728b91d78e1a') in 0.003646 seconds 
  Import took 0.005714 seconds .

========================================================================
Received Import Request.
  Time since last request: 0.000138 seconds.
  path: Assets/FurnishedCabin/Meshes/Materials/Fireplace_KitchenBench_MAT.mat
  artifactKey: Guid(00d8ce6c4a0c9f948b70d391f10f72cf) Importer(815301076,1909f56bfc062723c751e8b465ee728b)
Start importing Assets/FurnishedCabin/Meshes/Materials/Fireplace_KitchenBench_MAT.mat using Guid(00d8ce6c4a0c9f948b70d391f10f72cf) Importer(815301076,1909f56bfc062723c751e8b465ee728b)  -> (artifact id: '5f443551b1f2094300129128a099ba33') in 0.014836 seconds 
  Import took 0.017084 seconds .

========================================================================
Received Import Request.
  Time since last request: 0.000191 seconds.
  path: Assets/FurnishedCabin/Scenes/Demo/ReflectionProbe-0.png
  artifactKey: Guid(f1bb2155989808240ad3f5575e4aa8b7) Importer(815301076,1909f56bfc062723c751e8b465ee728b)
Start importing Assets/FurnishedCabin/Scenes/Demo/ReflectionProbe-0.png using Guid(f1bb2155989808240ad3f5575e4aa8b7) Importer(815301076,1909f56bfc062723c751e8b465ee728b)  -> (artifact id: 'cdaf8bf7dfc390687c05ede83625ebf8') in 0.010200 seconds 
  Import took 0.012114 seconds .

========================================================================
Received Import Request.
  Time since last request: 0.000184 seconds.
  path: Assets/FurnishedCabin/Meshes/Collision/FreestandMirror_COL.fbx
  artifactKey: Guid(1ecdaf6793a1141fbbd1607673362cbf) Importer(815301076,1909f56bfc062723c751e8b465ee728b)
Start importing Assets/FurnishedCabin/Meshes/Collision/FreestandMirror_COL.fbx using Guid(1ecdaf6793a1141fbbd1607673362cbf) Importer(815301076,1909f56bfc062723c751e8b465ee728b)  -> (artifact id: 'a1ab6b85a249a4cb4e82a46961602ea5') in 0.009530 seconds 
  Import took 0.011387 seconds .

========================================================================
Received Import Request.
  Time since last request: 0.000151 seconds.
  path: Assets/FurnishedCabin/Meshes/Materials/Rug_Curtains_MAT.mat
  artifactKey: Guid(70e2b7f0f28b4254d8a72d522585d74a) Importer(815301076,1909f56bfc062723c751e8b465ee728b)
Start importing Assets/FurnishedCabin/Meshes/Materials/Rug_Curtains_MAT.mat using Guid(70e2b7f0f28b4254d8a72d522585d74a) Importer(815301076,1909f56bfc062723c751e8b465ee728b)  -> (artifact id: 'cdf3ed81fef8af1401db5fdf2bb1f1b9') in 0.015282 seconds 
  Import took 0.017557 seconds .

========================================================================
Received Import Request.
  Time since last request: 0.000180 seconds.
  path: Assets/FurnishedCabin/Meshes/Fridge.fbx
  artifactKey: Guid(5de4dc4e4227b4ebbb0d9d8e1fc89801) Importer(815301076,1909f56bfc062723c751e8b465ee728b)
Start importing Assets/FurnishedCabin/Meshes/Fridge.fbx using Guid(5de4dc4e4227b4ebbb0d9d8e1fc89801) Importer(815301076,1909f56bfc062723c751e8b465ee728b)  -> (artifact id: 'ca71804c9e16ea734328551f53bb2f27') in 0.019289 seconds 
  Import took 0.021982 seconds .

========================================================================
Received Import Request.
  Time since last request: 0.000137 seconds.
  path: Assets/FurnishedCabin/Meshes/Collision/Sofa_COL.fbx
  artifactKey: Guid(11cb8f2b3f982469d93c5d02a9d42f9d) Importer(815301076,1909f56bfc062723c751e8b465ee728b)
Start importing Assets/FurnishedCabin/Meshes/Collision/Sofa_COL.fbx using Guid(11cb8f2b3f982469d93c5d02a9d42f9d) Importer(815301076,1909f56bfc062723c751e8b465ee728b)  -> (artifact id: 'ba905ca9e134d12e4e34a20e9ea71f58') in 0.008873 seconds 
  Import took 0.010752 seconds .

========================================================================
Received Import Request.
  Time since last request: 0.000137 seconds.
  path: Assets/FurnishedCabin/Meshes/Pantry.fbx
  artifactKey: Guid(4bfa61944d51443af9df337c549d747a) Importer(815301076,1909f56bfc062723c751e8b465ee728b)
Start importing Assets/FurnishedCabin/Meshes/Pantry.fbx using Guid(4bfa61944d51443af9df337c549d747a) Importer(815301076,1909f56bfc062723c751e8b465ee728b)  -> (artifact id: '36faa70051059c0dbef8c91c6138ef20') in 0.029937 seconds 
  Import took 0.032219 seconds .

========================================================================
Received Import Request.
  Time since last request: 0.000138 seconds.
  path: Assets/FurnishedCabin/Meshes/Collision/Building_COL.fbx
  artifactKey: Guid(c501e1e6763b545d39b5db7be8a3f6e6) Importer(815301076,1909f56bfc062723c751e8b465ee728b)
Start importing Assets/FurnishedCabin/Meshes/Collision/Building_COL.fbx using Guid(c501e1e6763b545d39b5db7be8a3f6e6) Importer(815301076,1909f56bfc062723c751e8b465ee728b)  -> (artifact id: '1404301fcdba1c8ae42bdc081b0be386') in 0.009160 seconds 
  Import took 0.011025 seconds .

========================================================================
Received Import Request.
  Time since last request: 0.000134 seconds.
  path: Assets/FurnishedCabin/Meshes/Materials/BuildingB_MAT.mat
  artifactKey: Guid(675e6ce36fc642b48ae4d1d5d0c7cfe1) Importer(815301076,1909f56bfc062723c751e8b465ee728b)
Start importing Assets/FurnishedCabin/Meshes/Materials/BuildingB_MAT.mat using Guid(675e6ce36fc642b48ae4d1d5d0c7cfe1) Importer(815301076,1909f56bfc062723c751e8b465ee728b)  -> (artifact id: '047ad7d448e0a5e6f3e381a09a234f0d') in 0.013133 seconds 
  Import took 0.015380 seconds .

========================================================================
Received Import Request.
  Time since last request: 0.000147 seconds.
  path: Assets/FurnishedCabin/Meshes/TV.fbx
  artifactKey: Guid(fc85b0ed6feee4d46a876935af58e858) Importer(815301076,1909f56bfc062723c751e8b465ee728b)
Start importing Assets/FurnishedCabin/Meshes/TV.fbx using Guid(fc85b0ed6feee4d46a876935af58e858) Importer(815301076,1909f56bfc062723c751e8b465ee728b)  -> (artifact id: '2b2f8bd0674422eb00aa2434059446bd') in 0.013811 seconds 
  Import took 0.015754 seconds .

========================================================================
Received Import Request.
  Time since last request: 0.000140 seconds.
  path: Assets/FurnishedCabin/Meshes/Collision/BathroomSink_COL.fbx
  artifactKey: Guid(1bbcd022f155a4944808bc105cc5d095) Importer(815301076,1909f56bfc062723c751e8b465ee728b)
Start importing Assets/FurnishedCabin/Meshes/Collision/BathroomSink_COL.fbx using Guid(1bbcd022f155a4944808bc105cc5d095) Importer(815301076,1909f56bfc062723c751e8b465ee728b)  -> (artifact id: 'b766b00bd3316f8e10d3c624d009f477') in 0.010186 seconds 
  Import took 0.012262 seconds .

========================================================================
Received Import Request.
  Time since last request: 0.000184 seconds.
  path: Packages/com.unity.ugui/Editor/Properties
  artifactKey: Guid(cf97e54bcd5479a46bdbade48da047cc) Importer(815301076,1909f56bfc062723c751e8b465ee728b)
Start importing Packages/com.unity.ugui/Editor/Properties using Guid(cf97e54bcd5479a46bdbade48da047cc) Importer(815301076,1909f56bfc062723c751e8b465ee728b)  -> (artifact id: 'c788801ec8a5f2bb301b7ee0a04d7031') in 0.002391 seconds 
  Import took 0.004700 seconds .

========================================================================
Received Import Request.
  Time since last request: 0.000140 seconds.
  path: Assets/FurnishedCabin/Meshes/SofaSmall.fbx
  artifactKey: Guid(5ced1428a23f623448aad5b76e93dd8d) Importer(815301076,1909f56bfc062723c751e8b465ee728b)
Start importing Assets/FurnishedCabin/Meshes/SofaSmall.fbx using Guid(5ced1428a23f623448aad5b76e93dd8d) Importer(815301076,1909f56bfc062723c751e8b465ee728b)  -> (artifact id: 'c9154f0c83f243a03bf064f284768cf1') in 0.017275 seconds 
  Import took 0.019233 seconds .

========================================================================
Received Import Request.
  Time since last request: 0.000141 seconds.
  path: Assets/FurnishedCabin/Meshes/Materials/Doors_TVStand_MAT.mat
  artifactKey: Guid(cdbe46314d4b7ab4ca61d18f0462c8ba) Importer(815301076,1909f56bfc062723c751e8b465ee728b)
Start importing Assets/FurnishedCabin/Meshes/Materials/Doors_TVStand_MAT.mat using Guid(cdbe46314d4b7ab4ca61d18f0462c8ba) Importer(815301076,1909f56bfc062723c751e8b465ee728b)  -> (artifact id: '53d101a7fc1c3cfe333596bef5a5a96e') in 0.010235 seconds 
  Import took 0.012138 seconds .

========================================================================
Received Import Request.
  Time since last request: 0.000135 seconds.
  path: Assets/FurnishedCabin/Meshes/Collision/OvenExhaustFan_COL.fbx
  artifactKey: Guid(203b4e2552c554764988e86dec00c628) Importer(815301076,1909f56bfc062723c751e8b465ee728b)
Start importing Assets/FurnishedCabin/Meshes/Collision/OvenExhaustFan_COL.fbx using Guid(203b4e2552c554764988e86dec00c628) Importer(815301076,1909f56bfc062723c751e8b465ee728b)  -> (artifact id: '04d83e84fdbd630305da328aef022242') in 0.008588 seconds 
  Import took 0.010592 seconds .

========================================================================
Received Import Request.
  Time since last request: 0.000153 seconds.
  path: Assets/FurnishedCabin/Meshes/Collision/Toilet_COL.fbx
  artifactKey: Guid(e0d9e36ca40e94b33a5c34858eeb326d) Importer(815301076,1909f56bfc062723c751e8b465ee728b)
Start importing Assets/FurnishedCabin/Meshes/Collision/Toilet_COL.fbx using Guid(e0d9e36ca40e94b33a5c34858eeb326d) Importer(815301076,1909f56bfc062723c751e8b465ee728b)  -> (artifact id: '992a16ea80c371b6f155420156596214') in 0.008719 seconds 
  Import took 0.010607 seconds .

========================================================================
Received Import Request.
  Time since last request: 0.000137 seconds.
  path: Assets/FurnishedCabin/Meshes/Towel.fbx
  artifactKey: Guid(c3c06bf3731094f39bb21b24568f8a72) Importer(815301076,1909f56bfc062723c751e8b465ee728b)
Start importing Assets/FurnishedCabin/Meshes/Towel.fbx using Guid(c3c06bf3731094f39bb21b24568f8a72) Importer(815301076,1909f56bfc062723c751e8b465ee728b)  -> (artifact id: '2a56020c7c92e36b486e50a0b64fe259') in 0.015561 seconds 
  Import took 0.017758 seconds .

========================================================================
Received Import Request.
  Time since last request: 0.000188 seconds.
  path: Assets/FurnishedCabin/Meshes/Collision/Fridge_COL.fbx
  artifactKey: Guid(c4de274e95ea349928ad1e2d88f630d2) Importer(815301076,1909f56bfc062723c751e8b465ee728b)
Start importing Assets/FurnishedCabin/Meshes/Collision/Fridge_COL.fbx using Guid(c4de274e95ea349928ad1e2d88f630d2) Importer(815301076,1909f56bfc062723c751e8b465ee728b)  -> (artifact id: 'a3d036e6fe939c50fb96becdd95c7f33') in 0.008998 seconds 
  Import took 0.010927 seconds .

========================================================================
Received Import Request.
  Time since last request: 0.000140 seconds.
  path: Assets/FurnishedCabin/Meshes/Collision/Curtain_COL.fbx
  artifactKey: Guid(8bfe925b42ad449a28d7fc0ae852eda8) Importer(815301076,1909f56bfc062723c751e8b465ee728b)
Start importing Assets/FurnishedCabin/Meshes/Collision/Curtain_COL.fbx using Guid(8bfe925b42ad449a28d7fc0ae852eda8) Importer(815301076,1909f56bfc062723c751e8b465ee728b)  -> (artifact id: '8bf730ca07072a06e64b99d7554a3d60') in 0.011634 seconds 
  Import took 0.013487 seconds .

========================================================================
Received Import Request.
  Time since last request: 0.000130 seconds.
  path: Assets/FurnishedCabin/Scenes/Demo/ReflectionProbe-1.png
  artifactKey: Guid(17a01549b451c684eba2aa2aede78b35) Importer(815301076,1909f56bfc062723c751e8b465ee728b)
Start importing Assets/FurnishedCabin/Scenes/Demo/ReflectionProbe-1.png using Guid(17a01549b451c684eba2aa2aede78b35) Importer(815301076,1909f56bfc062723c751e8b465ee728b)  -> (artifact id: 'c73c94da5fb230039961894ee5e00758') in 0.006731 seconds 
  Import took 0.008640 seconds .

========================================================================
Received Import Request.
  Time since last request: 0.000183 seconds.
  path: Assets/FurnishedCabin/Meshes/Materials/Plastic_Steel_Handle_MAT.mat
  artifactKey: Guid(f5ccec86270aecc4eab76122584f73fc) Importer(815301076,1909f56bfc062723c751e8b465ee728b)
Start importing Assets/FurnishedCabin/Meshes/Materials/Plastic_Steel_Handle_MAT.mat using Guid(f5ccec86270aecc4eab76122584f73fc) Importer(815301076,1909f56bfc062723c751e8b465ee728b)  -> (artifact id: 'afe7d62f1a37bee8ae0e963b10183a57') in 0.012764 seconds 
  Import took 0.015077 seconds .

========================================================================
Received Import Request.
  Time since last request: 0.000274 seconds.
  path: Assets/FurnishedCabin/Meshes/Collision/Shower_COL.fbx
  artifactKey: Guid(9469670e6db654dafa07295c971a3b53) Importer(815301076,1909f56bfc062723c751e8b465ee728b)
Start importing Assets/FurnishedCabin/Meshes/Collision/Shower_COL.fbx using Guid(9469670e6db654dafa07295c971a3b53) Importer(815301076,1909f56bfc062723c751e8b465ee728b)  -> (artifact id: 'faa6e633afb3535295c0b702106106c4') in 0.013371 seconds 
  Import took 0.015653 seconds .

========================================================================
Received Import Request.
  Time since last request: 0.000230 seconds.
  path: Assets/FurnishedCabin/Meshes/Lamp.fbx
  artifactKey: Guid(6d218f58f8d994088bdbda6c916f467f) Importer(815301076,1909f56bfc062723c751e8b465ee728b)
Start importing Assets/FurnishedCabin/Meshes/Lamp.fbx using Guid(6d218f58f8d994088bdbda6c916f467f) Importer(815301076,1909f56bfc062723c751e8b465ee728b)  -> (artifact id: 'c50251f8befd5a13930b88293d25742f') in 0.017534 seconds 
  Import took 0.019596 seconds .

========================================================================
Received Import Request.
  Time since last request: 0.000156 seconds.
  path: Assets/FurnishedCabin/Meshes/Collision/Fireplace_COL.fbx
  artifactKey: Guid(211f78162b5ec40349ae15bb1996974a) Importer(815301076,1909f56bfc062723c751e8b465ee728b)
Start importing Assets/FurnishedCabin/Meshes/Collision/Fireplace_COL.fbx using Guid(211f78162b5ec40349ae15bb1996974a) Importer(815301076,1909f56bfc062723c751e8b465ee728b)  -> (artifact id: '53f27b393d1133537e242baf0696f40c') in 0.009199 seconds 
  Import took 0.011266 seconds .

AssetImportWorkerClient::OnTransportError - code=2 error=End of file
